INFO    : Generating assets for web
INFO    : Generating any needed assets.
INFO    : XSL conversion of C:\Users\Federico\Desktop\Snodi\snodi\source\main.ptx by C:\Users\Federico\.ptx\2.36.0\core\xsl\utilities\pretext-enhanced-source.xsl
ERROR   : Error loading file:///C:/Users/Federico/Desktop/Snodi/snodi/source/frontmatter.ptx: Double hyphen within comment: <!-- <dedication>
    <p>
      For ...
    </p>
  </d, line 53, column 7 (file:///C:/Users/Federico/Desktop/Snodi/snodi/source/frontmatter.ptx, line 53)
ERROR   : Failed to generate assets: Double hyphen within comment: <!-- <dedication>
    <p>
      For ...
    </p>
  </d, line 53, column 7 (file:///C:/Users/Federico/Desktop/Snodi/snodi/source/frontmatter.ptx, line 53) 

INFO    : Building target web
INFO    : XSL conversion of C:\Users\Federico\Desktop\Snodi\snodi\source\main.ptx by C:\Users\Federico\.ptx\2.36.0\core\xsl\utilities\pretext-enhanced-source.xsl
ERROR   : Error loading file:///C:/Users/Federico/Desktop/Snodi/snodi/source/frontmatter.ptx: Double hyphen within comment: <!-- <dedication>
    <p>
      For ...
    </p>
  </d, line 53, column 7 (file:///C:/Users/Federico/Desktop/Snodi/snodi/source/frontmatter.ptx, line 53)
ERROR   : Error assembling source file: Double hyphen within comment: <!-- <dedication>
    <p>
      For ...
    </p>
  </d, line 53, column 7 (file:///C:/Users/Federico/Desktop/Snodi/snodi/source/frontmatter.ptx, line 53)
CRITICAL: XML syntax for source file is invalid
INFO    : ------------------------
CRITICAL: Failed to build without errors.  Exiting...
INFO    : 
----------------------------------------------------
INFO    : While running pretext, the following errors occurred:

INFO    : (see log messages above or in the 'logs' folder for more information)
INFO    : ----------------------------------------------------
