WARNING : Could not find a target 'html', but found a target 'web' with format='html'; using this target.
INFO    : Building target web
INFO    : XSL conversion of C:\Users\Federico\Desktop\Snodi\snodi\source\main.ptx by C:\Users\Federico\.ptx\2.36.0\core\xsl\utilities\pretext-enhanced-source.xsl
INFO    : successful application of C:\Users\Federico\.ptx\2.36.0\core\xsl\utilities\pretext-enhanced-source.xsl
INFO    : Generating any needed assets.
INFO    : string parameters passed to extraction stylesheet: {'cli.version': '2.36', 'publisher': 'C:/Users/Federico/Desktop/Snodi/snodi/publication/publication.ptx'}
INFO    : discovering source file's directory name: C:\Users\Federico\Desktop\Snodi\snodi\source
INFO    : verifying and expanding input directory: C:\Users\Federico\Desktop\Snodi\snodi\source\../generated-assets
INFO    : input directory expanded to absolute path: C:\Users\Federico\Desktop\Snodi\snodi\generated-assets
INFO    : verifying and expanding input directory: C:\Users\Federico\Desktop\Snodi\snodi\source\../assets
INFO    : input directory expanded to absolute path: C:\Users\Federico\Desktop\Snodi\snodi\assets
INFO    : XSL conversion of C:\Users\Federico\Desktop\Snodi\snodi\source\main.ptx by C:\Users\Federico\.ptx\2.36.0\core\xsl\extract-pg.xsl
INFO    : successful application of C:\Users\Federico\.ptx\2.36.0\core\xsl\extract-pg.xsl
INFO    : XSL conversion of C:\Users\Federico\Desktop\Snodi\snodi\source\main.ptx by C:\Users\Federico\.ptx\2.36.0\core\xsl\pretext-ww-problem-sets.xsl
INFO    : successful application of C:\Users\Federico\.ptx\2.36.0\core\xsl\pretext-ww-problem-sets.xsl
INFO    : XSL conversion of C:\Users\Federico\Desktop\Snodi\snodi\source\main.ptx by C:\Users\Federico\.ptx\2.36.0\core\xsl\support\pretext-pg-macros.xsl
INFO    : successful application of C:\Users\Federico\.ptx\2.36.0\core\xsl\support\pretext-pg-macros.xsl
INFO    : validating, cleaning server URL: https://webwork-ptx.aimath.org
INFO    : building representations of generated WeBWorK problem
INFO    : sending webwork-2 to server to save in C:\Users\Federico\Desktop\Snodi\snodi\generated-assets\webwork\webwork-representations.xml: origin is 'generated'
INFO    : Removing temporary directory C:\Users\Federico\AppData\Local\Temp\ptx-pngf0az6
INFO    : Removing temporary directory C:\Users\Federico\AppData\Local\Temp\ptx-tia5ysjf
INFO    : Finished generating assets.

INFO    : Generating any needed assets.
INFO    : Generating any needed assets.
INFO    : downloading MyOpenMath static problems from C:\Users\Federico\Desktop\Snodi\snodi\source\main.ptx for placement in C:/Users/Federico/Desktop/Snodi/snodi/generated-assets/problems
INFO    : XSL conversion of C:\Users\Federico\Desktop\Snodi\snodi\source\main.ptx by C:\Users\Federico\.ptx\2.36.0\core\xsl\extract-mom.xsl
INFO    : successful application of C:\Users\Federico\.ptx\2.36.0\core\xsl\extract-mom.xsl
INFO    : downloading MOM #2572 to C:/Users/Federico/Desktop/Snodi/snodi/generated-assets/problems\mom-2572.xml...
INFO    : MyOpenMath static problem download complete
INFO    : Removing temporary directory C:\Users\Federico\AppData\Local\Temp\ptx-tdh3s2h3
INFO    : Finished generating assets.

INFO    : converting latex-image pictures from C:\Users\Federico\Desktop\Snodi\snodi\source\main.ptx to svg graphics for placement in C:\Users\Federico\Desktop\Snodi\snodi\generated-assets\latex-image
INFO    : extracting latex-image pictures from C:\Users\Federico\Desktop\Snodi\snodi\source\main.ptx
INFO    : string parameters passed to extraction stylesheet: {'cli.version': '2.36', 'publisher': 'C:/Users/Federico/Desktop/Snodi/snodi/publication/publication.ptx'}
INFO    : discovering source file's directory name: C:\Users\Federico\Desktop\Snodi\snodi\source
INFO    : verifying and expanding input directory: C:\Users\Federico\Desktop\Snodi\snodi\source\../generated-assets
INFO    : input directory expanded to absolute path: C:\Users\Federico\Desktop\Snodi\snodi\generated-assets
INFO    : verifying and expanding input directory: C:\Users\Federico\Desktop\Snodi\snodi\source\../assets
INFO    : input directory expanded to absolute path: C:\Users\Federico\Desktop\Snodi\snodi\assets
INFO    : discovering source file's directory name: C:\Users\Federico\Desktop\Snodi\snodi\source
INFO    : XSL conversion of C:\Users\Federico\Desktop\Snodi\snodi\source\main.ptx by C:\Users\Federico\.ptx\2.36.0\core\xsl\extract-latex-image.xsl
INFO    : successful application of C:\Users\Federico\.ptx\2.36.0\core\xsl\extract-latex-image.xsl
INFO    : converting fig_tikz-example-diagram.tex to fig_tikz-example-diagram.pdf
INFO    : cropping fig_tikz-example-diagram.pdf to cropped-fig_tikz-example-diagram.pdf
INFO    : renaming cropped-fig_tikz-example-diagram.pdf to fig_tikz-example-diagram.pdf
INFO    : converting fig_tikz-example-diagram.pdf to fig_tikz-example-diagram.svg
INFO    : converting Asymptote diagrams from C:\Users\Federico\Desktop\Snodi\snodi\source\main.ptx to HTML graphics for placement in C:\Users\Federico\Desktop\Snodi\snodi\generated-assets\asymptote with method "AsyMethod.SERVER"
INFO    : extracting Asymptote diagrams from C:\Users\Federico\Desktop\Snodi\snodi\source\main.ptx
INFO    : string parameters passed to extraction stylesheet: {'cli.version': '2.36', 'publisher': 'C:/Users/Federico/Desktop/Snodi/snodi/publication/publication.ptx'}
INFO    : XSL conversion of C:\Users\Federico\Desktop\Snodi\snodi\source\main.ptx by C:\Users\Federico\.ptx\2.36.0\core\xsl\extract-asymptote.xsl
INFO    : successful application of C:\Users\Federico\.ptx\2.36.0\core\xsl\extract-asymptote.xsl
INFO    : converting C:\Users\Federico\AppData\Local\Temp\ptx-u0r7y8_c\cflag.asy to C:\Users\Federico\AppData\Local\Temp\ptx-u0r7y8_c\cflag.html
INFO    : converting Sage diagrams from C:\Users\Federico\Desktop\Snodi\snodi\source\main.ptx to HTML graphics for placement in C:\Users\Federico\Desktop\Snodi\snodi\generated-assets\sageplot
ERROR   : Unable to generate some sageplot images:
 PTX:ERROR: cannot locate executable with configuration name `sage` as command `sage`
***  Edit the configuration file  ("pretext.cfg" or "project.ptx") and/or install  ***
***  the necessary program and/or make sure the executable is on your PATH         ***
INFO    : creating trace data from C:\Users\Federico\Desktop\Snodi\snodi\source\main.ptx for placement in C:\Users\Federico\Desktop\Snodi\snodi\generated-assets\trace
INFO    : XSL conversion of C:\Users\Federico\Desktop\Snodi\snodi\source\main.ptx by C:\Users\Federico\.ptx\2.36.0\core\xsl\extract-trace.xsl
INFO    : successful application of C:\Users\Federico\.ptx\2.36.0\core\xsl\extract-trace.xsl
INFO    : converting python source sieve-codelens-python to tracefile sieve-codelens-python.js...
INFO    : Removing temporary directory C:\Users\Federico\AppData\Local\Temp\ptx-hdmmuvgy
INFO    : Removing temporary directory C:\Users\Federico\AppData\Local\Temp\ptx-u0r7y8_c
INFO    : Removing temporary directory C:\Users\Federico\AppData\Local\Temp\ptx-f9jjgt9u
INFO    : Removing temporary directory C:\Users\Federico\AppData\Local\Temp\ptx-n74tc8ga
INFO    : Finished generating assets.

INFO    : Preparing to build into C:\Users\Federico\Desktop\Snodi\snodi\output\web.
WARNING : Node.js must be installed to build CSS files.  Please install node.js and npm.
 Will try to use prebuilt CSS files instead.
WARNING : Cannot find npm.  Will try to use prebuilt CSS files instead.
WARNING : Unable to install npm packages to build css files.  Non-default CSS themes require node.js and npm to be installed.  See https://pretextbook.org/doc/guide/html/node-and-npm.html
WARNING : 
INFO    : discovering source file's directory name: C:\Users\Federico\Desktop\Snodi\snodi\source
INFO    : verifying and expanding input directory: C:\Users\Federico\Desktop\Snodi\snodi\source\../generated-assets
INFO    : input directory expanded to absolute path: C:\Users\Federico\Desktop\Snodi\snodi\generated-assets
INFO    : verifying and expanding input directory: C:\Users\Federico\Desktop\Snodi\snodi\source\../assets
INFO    : input directory expanded to absolute path: C:\Users\Federico\Desktop\Snodi\snodi\assets
INFO    : discovering source file's directory name: C:\Users\Federico\Desktop\Snodi\snodi\source
INFO    : XSL conversion of C:\Users\Federico\Desktop\Snodi\snodi\source\main.ptx by C:\Users\Federico\.ptx\2.36.0\core\xsl\utilities\report-publisher-variables.xsl
INFO    : successful application of C:\Users\Federico\.ptx\2.36.0\core\xsl\utilities\report-publisher-variables.xsl
INFO    : Downloading rs services file from https://runestone.academy/cdn/runestone/latest/webpack_static_imports.xml.
INFO    : Runestone Services via online CDN query: version 7.11.14
INFO    : Downloading Runestone Services, version 7.11.14
INFO    : Extracting Runestone Services from archive file
INFO    : Node.js not available. Relying on prebuilt default-modern.
INFO    : Using prebuilt CSS theme: default-modern with options: {'options': {'primary-color': '#195684', 'secondary-color': '#932c1c'}, 'contrast-checks': {'primary-color': '#fff', 'secondary-color': '#fff', 'primary-color-dark': '#23241f'}}
INFO    : converting C:\Users\Federico\Desktop\Snodi\snodi\source\main.ptx to HTML in C:\Users\Federico\AppData\Local\Temp\ptx-8qj77s7b
INFO    : XSL conversion of C:\Users\Federico\Desktop\Snodi\snodi\source\main.ptx by C:\Users\Federico\.ptx\2.36.0\core\xsl\pretext-html.xsl
INFO    : messages from the log for XSL processing:
INFO    : * PTX:INFO:   checking all deprecated elements.
WARNING : * PTX:DEPRECATE: (2024-10-08) elements previously included in a "titlepage" element inside the "frontmatter" (author, editor, credit, date, and event) should now be placed in "frontmatter/bibinfo".  To ensure a title page is created, put only the empty element "titlepage-items" inside "titlepage".  Until you move these elements, we will try to honor your intent. (1 time)
INFO    : *              located within: "frontmatter" (xml:id)
INFO    : * --------------
WARNING : * PTX:DEPRECATE: (2024-10-08) elements previously included in a "colophon" element inside the "frontmatter" (credit, copyright, edition, and website) should now be placed in "frontmatter/bibinfo". To produce a "colophon", include only the empty element "colophon-items" inside "colophon" Until you move these elements, we will try to honor your intent. (1 time)
INFO    : *              located within: "frontmatter" (xml:id)
INFO    : * --------------
WARNING : * PTX:DEPRECATE: (2024-11-19) program/input now should be program/code. An automatic correction will be attempted. (1 time)
INFO    : *              located within: "sieve-codelens-python" (xml:id)
INFO    : * --------------
INFO    : successful application of C:\Users\Federico\.ptx\2.36.0\core\xsl\pretext-html.xsl
INFO    : Removing temporary directory C:\Users\Federico\AppData\Local\Temp\ptx-8qj77s7b
INFO    : Removing temporary directory C:\Users\Federico\AppData\Local\Temp\ptx-g8qc7cjo
INFO    : 
Finished build for target web. Run `pretext view web` to see the results.

CRITICAL: There were errors during the build.  See above.
INFO    : ------------------------
CRITICAL: Failed to build without errors.  Exiting...
INFO    : 
----------------------------------------------------
INFO    : While running pretext, the following errors occurred:

INFO    : (see log messages above or in the 'logs' folder for more information)
INFO    : ----------------------------------------------------
