INFO    : Building target html
INFO    : XSL conversion of C:\Users\Federico\Desktop\Snodi\snodi\source\main.ptx by C:\Users\Federico\.ptx\2.42.0\core\xsl\utilities\pretext-enhanced-source.xsl
INFO    : successful application of C:\Users\Federico\.ptx\2.42.0\core\xsl\utilities\pretext-enhanced-source.xsl
WARNING : Schema validation could not be completed: no validator was available (jing is not installed and lxml could not compile the schema). Continuing with build.
INFO    : Generating any needed assets.
WARNING : Now generating latex images
INFO    : converting latex-image pictures from C:\Users\Federico\Desktop\Snodi\snodi\source\main.ptx to svg graphics for placement in C:\Users\Federico\Desktop\Snodi\snodi\generated-assets\latex-image
INFO    : extracting latex-image pictures from C:\Users\Federico\Desktop\Snodi\snodi\source\main.ptx
INFO    : string parameters passed to extraction stylesheet: {'cli.version': '2.42', 'publisher': 'C:/Users/Federico/Desktop/Snodi/snodi/publication/publication.ptx'}
INFO    : discovering source file's directory name: C:\Users\Federico\Desktop\Snodi\snodi\source
INFO    : verifying and expanding input directory: C:\Users\Federico\Desktop\Snodi\snodi\source\../generated-assets
INFO    : input directory expanded to absolute path: C:\Users\Federico\Desktop\Snodi\snodi\generated-assets
INFO    : verifying and expanding input directory: C:\Users\Federico\Desktop\Snodi\snodi\source\../assets
INFO    : input directory expanded to absolute path: C:\Users\Federico\Desktop\Snodi\snodi\assets
INFO    : discovering source file's directory name: C:\Users\Federico\Desktop\Snodi\snodi\source
INFO    : XSL conversion of C:\Users\Federico\Desktop\Snodi\snodi\source\main.ptx by C:\Users\Federico\.ptx\2.42.0\core\xsl\extract-latex-image.xsl
INFO    : messages from the log for XSL processing:
INFO    : * failed to load external entity "file:/C:/Users/Federico/Desktop/Snodi/snodi/generated-assets/qrcode/interactive-retta-url.xml"
INFO    : * failed to load external entity "file:/C:/Users/Federico/Desktop/Snodi/snodi/generated-assets/qrcode/interactive-parabola-url.xml"
ERROR   : processing with C:\Users\Federico\.ptx\2.42.0\core\xsl\extract-latex-image.xsl has failed

ERROR   : Unable to generate some latex-image assets:
 Cannot resolve URI file:/C:/Users/Federico/Desktop/Snodi/snodi/generated-assets/qrcode/interactive-parabola-url.xml
INFO    : Removing temporary directory C:\Users\Federico\AppData\Local\Temp\ptx-lp4_2dog
INFO    : Finished generating assets.

INFO    : Preparing to build into C:\Users\Federico\Desktop\Snodi\snodi\output\html.
INFO    : discovering source file's directory name: C:\Users\Federico\Desktop\Snodi\snodi\source
INFO    : verifying and expanding input directory: C:\Users\Federico\Desktop\Snodi\snodi\source\../generated-assets
INFO    : input directory expanded to absolute path: C:\Users\Federico\Desktop\Snodi\snodi\generated-assets
INFO    : verifying and expanding input directory: C:\Users\Federico\Desktop\Snodi\snodi\source\../assets
INFO    : input directory expanded to absolute path: C:\Users\Federico\Desktop\Snodi\snodi\assets
INFO    : discovering source file's directory name: C:\Users\Federico\Desktop\Snodi\snodi\source
INFO    : XSL conversion of C:\Users\Federico\Desktop\Snodi\snodi\source\main.ptx by C:\Users\Federico\.ptx\2.42.0\core\xsl\utilities\report-publisher-variables.xsl
INFO    : successful application of C:\Users\Federico\.ptx\2.42.0\core\xsl\utilities\report-publisher-variables.xsl
INFO    : Downloading rs services file from https://runestone.academy/cdn/runestone/latest/webpack_static_imports.xml.
INFO    : Runestone Services via online CDN query: version 8.1.6
INFO    : Downloading Runestone Services, version 8.1.6
INFO    : Extracting Runestone Services from archive file
WARNING : Color #EE4511 does not have enough contrast with expected background color #fff. Contrast ratio is 3.821377629515867 but should be at least 4.5. Adjust your publisher file html/css/variables to ensure sufficient contrast.
INFO    : Building custom css theme: theme-denver
INFO    : converting C:\Users\Federico\Desktop\Snodi\snodi\source\main.ptx to HTML in C:\Users\Federico\AppData\Local\Temp\ptx-ptt31jxx
INFO    : XSL conversion of C:\Users\Federico\Desktop\Snodi\snodi\source\main.ptx by C:\Users\Federico\.ptx\2.42.0\core\xsl\pretext-html.xsl
INFO    : messages from the log for XSL processing:
INFO    : * PTX:INFO:   checking all deprecated elements.
WARNING : * PTX:WARNING: could not translate string with id "open-new-tab" into language for code "it-IT"
WARNING : * PTX:WARNING: could not translate string with id "open-new-tab" into language for code "it-IT"
INFO    : successful application of C:\Users\Federico\.ptx\2.42.0\core\xsl\pretext-html.xsl
INFO    : Removing temporary directory C:\Users\Federico\AppData\Local\Temp\ptx-ptt31jxx
INFO    : Removing temporary directory C:\Users\Federico\AppData\Local\Temp\ptx-fdv1dalr
INFO    : 
Finished build for target html. Run `pretext view html` to see the results.

CRITICAL: There were errors during the build.  See above.
INFO    : ------------------------
CRITICAL: Failed to build without errors.  Exiting...
INFO    : 
----------------------------------------------------
INFO    : While running pretext, the following errors occurred:

INFO    : (see log messages above or in the 'logs' folder for more information)
INFO    : ----------------------------------------------------
